GAS LISTING C:\DOCUME~1\KZaleski\USTAWI~1\Temp/ccbrud7B.s 			page 1


   1               		.file	"funkcje.c"
   2               	__SREG__ = 0x3f
   3               	__SP_H__ = 0x3e
   4               	__SP_L__ = 0x3d
   5               	__CCP__  = 0x34
   6               	__tmp_reg__ = 0
   7               	__zero_reg__ = 1
   8               		.section	.debug_abbrev,"",@progbits
   9               	.Ldebug_abbrev0:
  10               		.section	.debug_info,"",@progbits
  11               	.Ldebug_info0:
  12               		.section	.debug_line,"",@progbits
  13               	.Ldebug_line0:
  14               		.text
  15               	.Ltext0:
  16               	.global	SystemInit
  17               		.type	SystemInit, @function
  18               	SystemInit:
  19               	.LFB9:
  20               	.LM1:
  21               	/* prologue: function */
  22               	/* frame size = 0 */
  23               	.LM2:
  24 0000 84B1      		in r24,36-32
  25 0002 806A      		ori r24,lo8(-96)
  26 0004 84B9      		out 36-32,r24
  27               	.LM3:
  28 0006 2698      		cbi 36-32,6
  29               	.LM4:
  30 0008 2D98      		cbi 37-32,5
  31               	.LM5:
  32 000a 2F98      		cbi 37-32,7
  33               	.LM6:
  34 000c 80E5      		ldi r24,lo8(80)
  35 000e 8CBD      		out 76-32,r24
  36               	.LM7:
  37 0010 8DB5      		in r24,77-32
  38 0012 8160      		ori r24,lo8(1)
  39 0014 8DBD      		out 77-32,r24
  40               	/* epilogue start */
  41               	.LM8:
  42 0016 0895      		ret
  43               	.LFE9:
  44               		.size	SystemInit, .-SystemInit
  45               		.comm t1,2,1
  46               		.comm t2,2,1
  47               		.comm t3,2,1
  48               		.comm t,2,1
  49               		.comm nats1,1,1
  50               		.comm nats2,1,1
  51               		.comm nats3,1,1
  52               		.comm nats4,1,1
  53               		.comm nats5,1,1
  54               		.comm tha,2,1
  55               		.comm ha,2,1
  56               		.comm ta,2,1
  57               		.comm ua,2,1
GAS LISTING C:\DOCUME~1\KZaleski\USTAWI~1\Temp/ccbrud7B.s 			page 2


  58               		.comm push,2,1
  59               		.comm push2,2,1
  60               		.comm push3,2,1
  61               		.comm push4,2,1
  62               		.comm push5,2,1
  63               		.comm temp_d,2,1
  64               		.comm temp_n,2,1
  65               		.comm nat1,2,1
  66               		.comm nat2,2,1
  67               		.comm nat3,2,1
  68               		.comm nat4,2,1
  69               		.comm nat5,2,1
  70               		.comm pilot_licz,2,1
  71               		.comm p,2,1
  72               		.comm przycisk,2,1
  73               		.comm zrodlo1,1,1
  74               		.comm zrodlo2,1,1
  75               		.comm zrodlo3,1,1
  76               		.comm zrodlo4,1,1
  77               		.comm zrodlo5,1,1
  78               		.comm swiatlo1,1,1
  79               		.comm swiatlo2,1,1
  80               		.comm swiatlo3,1,1
  81               		.comm swiatlo4,1,1
  82               		.comm swiatlo5,1,1
  83               		.comm czujka,1,1
  84               		.comm irda,1,1
  85               		.comm klimat,1,1
  86               		.comm d_n,1,1
  87               		.comm push_up,1,1
  88               		.comm push2_up,1,1
  89               		.comm push3_up,1,1
  90               		.comm push4_up,1,1
  91               		.comm push5_up,1,1
  92               		.comm push_down,1,1
  93               		.comm zmiana,1,1
  94               		.comm temp_out_H,1,1
  95               		.comm temp_out_L,1,1
  96               		.comm temp_in,2,1
  97               		.comm rh_in,2,1
  98               		.comm stan1,2,1
  99               		.section	.debug_frame,"",@progbits
 100               	.Lframe0:
 101 0000 0C00 0000 		.long	.LECIE0-.LSCIE0
 102               	.LSCIE0:
 103 0004 FFFF FFFF 		.long	0xffffffff
 104 0008 01        		.byte	0x1
 105 0009 00        		.string	""
 106 000a 01        		.uleb128 0x1
 107 000b 7F        		.sleb128 -1
 108 000c 24        		.byte	0x24
 109 000d 0C        		.byte	0xc
 110 000e 20        		.uleb128 0x20
 111 000f 00        		.uleb128 0x0
 112               		.p2align	2
 113               	.LECIE0:
 114               	.LSFDE0:
GAS LISTING C:\DOCUME~1\KZaleski\USTAWI~1\Temp/ccbrud7B.s 			page 3


 115 0010 0C00 0000 		.long	.LEFDE0-.LASFDE0
 116               	.LASFDE0:
 117 0014 0000 0000 		.long	.Lframe0
 118 0018 0000 0000 		.long	.LFB9
 119 001c 1800 0000 		.long	.LFE9-.LFB9
 120               		.p2align	2
 121               	.LEFDE0:
 122               		.text
 123               	.Letext0:
 124               		.section	.debug_info
 125 0000 4504 0000 		.long	0x445
 126 0004 0200      		.word	0x2
 127 0006 0000 0000 		.long	.Ldebug_abbrev0
 128 000a 04        		.byte	0x4
 129 000b 01        		.uleb128 0x1
 130 000c 0000 0000 		.long	.LASF52
 131 0010 01        		.byte	0x1
 132 0011 0000 0000 		.long	.LASF53
 133 0015 0000 0000 		.long	.LASF54
 134 0019 0000 0000 		.long	.Ltext0
 135 001d 0000 0000 		.long	.Letext0
 136 0021 0000 0000 		.long	.Ldebug_line0
 137 0025 02        		.uleb128 0x2
 138 0026 01        		.byte	0x1
 139 0027 06        		.byte	0x6
 140 0028 0000 0000 		.long	.LASF0
 141 002c 03        		.uleb128 0x3
 142 002d 0000 0000 		.long	.LASF55
 143 0031 03        		.byte	0x3
 144 0032 7A        		.byte	0x7a
 145 0033 3700 0000 		.long	0x37
 146 0037 02        		.uleb128 0x2
 147 0038 01        		.byte	0x1
 148 0039 08        		.byte	0x8
 149 003a 0000 0000 		.long	.LASF1
 150 003e 04        		.uleb128 0x4
 151 003f 02        		.byte	0x2
 152 0040 05        		.byte	0x5
 153 0041 696E 7400 		.string	"int"
 154 0045 02        		.uleb128 0x2
 155 0046 02        		.byte	0x2
 156 0047 07        		.byte	0x7
 157 0048 0000 0000 		.long	.LASF2
 158 004c 02        		.uleb128 0x2
 159 004d 04        		.byte	0x4
 160 004e 05        		.byte	0x5
 161 004f 0000 0000 		.long	.LASF3
 162 0053 02        		.uleb128 0x2
 163 0054 04        		.byte	0x4
 164 0055 07        		.byte	0x7
 165 0056 0000 0000 		.long	.LASF4
 166 005a 02        		.uleb128 0x2
 167 005b 08        		.byte	0x8
 168 005c 05        		.byte	0x5
 169 005d 0000 0000 		.long	.LASF5
 170 0061 02        		.uleb128 0x2
 171 0062 08        		.byte	0x8
GAS LISTING C:\DOCUME~1\KZaleski\USTAWI~1\Temp/ccbrud7B.s 			page 4


 172 0063 07        		.byte	0x7
 173 0064 0000 0000 		.long	.LASF6
 174 0068 05        		.uleb128 0x5
 175 0069 01        		.byte	0x1
 176 006a 08        		.byte	0x8
 177 006b 06        		.uleb128 0x6
 178 006c 01        		.byte	0x1
 179 006d 0000 0000 		.long	.LASF56
 180 0071 01        		.byte	0x1
 181 0072 27        		.byte	0x27
 182 0073 01        		.byte	0x1
 183 0074 0000 0000 		.long	.LFB9
 184 0078 0000 0000 		.long	.LFE9
 185 007c 02        		.byte	0x2
 186 007d 90        		.byte	0x90
 187 007e 20        		.uleb128 0x20
 188 007f 07        		.uleb128 0x7
 189 0080 7431 00   		.string	"t1"
 190 0083 02        		.byte	0x2
 191 0084 07        		.byte	0x7
 192 0085 4500 0000 		.long	0x45
 193 0089 01        		.byte	0x1
 194 008a 05        		.byte	0x5
 195 008b 03        		.byte	0x3
 196 008c 0000 0000 		.long	t1
 197 0090 07        		.uleb128 0x7
 198 0091 7432 00   		.string	"t2"
 199 0094 02        		.byte	0x2
 200 0095 07        		.byte	0x7
 201 0096 4500 0000 		.long	0x45
 202 009a 01        		.byte	0x1
 203 009b 05        		.byte	0x5
 204 009c 03        		.byte	0x3
 205 009d 0000 0000 		.long	t2
 206 00a1 07        		.uleb128 0x7
 207 00a2 7433 00   		.string	"t3"
 208 00a5 02        		.byte	0x2
 209 00a6 07        		.byte	0x7
 210 00a7 4500 0000 		.long	0x45
 211 00ab 01        		.byte	0x1
 212 00ac 05        		.byte	0x5
 213 00ad 03        		.byte	0x3
 214 00ae 0000 0000 		.long	t3
 215 00b2 07        		.uleb128 0x7
 216 00b3 7400      		.string	"t"
 217 00b5 02        		.byte	0x2
 218 00b6 08        		.byte	0x8
 219 00b7 3E00 0000 		.long	0x3e
 220 00bb 01        		.byte	0x1
 221 00bc 05        		.byte	0x5
 222 00bd 03        		.byte	0x3
 223 00be 0000 0000 		.long	t
 224 00c2 08        		.uleb128 0x8
 225 00c3 0000 0000 		.long	.LASF7
 226 00c7 02        		.byte	0x2
 227 00c8 34        		.byte	0x34
 228 00c9 2C00 0000 		.long	0x2c
GAS LISTING C:\DOCUME~1\KZaleski\USTAWI~1\Temp/ccbrud7B.s 			page 5


 229 00cd 01        		.byte	0x1
 230 00ce 05        		.byte	0x5
 231 00cf 03        		.byte	0x3
 232 00d0 0000 0000 		.long	nats1
 233 00d4 08        		.uleb128 0x8
 234 00d5 0000 0000 		.long	.LASF8
 235 00d9 02        		.byte	0x2
 236 00da 34        		.byte	0x34
 237 00db 2C00 0000 		.long	0x2c
 238 00df 01        		.byte	0x1
 239 00e0 05        		.byte	0x5
 240 00e1 03        		.byte	0x3
 241 00e2 0000 0000 		.long	nats2
 242 00e6 08        		.uleb128 0x8
 243 00e7 0000 0000 		.long	.LASF9
 244 00eb 02        		.byte	0x2
 245 00ec 34        		.byte	0x34
 246 00ed 2C00 0000 		.long	0x2c
 247 00f1 01        		.byte	0x1
 248 00f2 05        		.byte	0x5
 249 00f3 03        		.byte	0x3
 250 00f4 0000 0000 		.long	nats3
 251 00f8 08        		.uleb128 0x8
 252 00f9 0000 0000 		.long	.LASF10
 253 00fd 02        		.byte	0x2
 254 00fe 34        		.byte	0x34
 255 00ff 2C00 0000 		.long	0x2c
 256 0103 01        		.byte	0x1
 257 0104 05        		.byte	0x5
 258 0105 03        		.byte	0x3
 259 0106 0000 0000 		.long	nats4
 260 010a 08        		.uleb128 0x8
 261 010b 0000 0000 		.long	.LASF11
 262 010f 02        		.byte	0x2
 263 0110 34        		.byte	0x34
 264 0111 2C00 0000 		.long	0x2c
 265 0115 01        		.byte	0x1
 266 0116 05        		.byte	0x5
 267 0117 03        		.byte	0x3
 268 0118 0000 0000 		.long	nats5
 269 011c 07        		.uleb128 0x7
 270 011d 7468 6100 		.string	"tha"
 271 0121 02        		.byte	0x2
 272 0122 35        		.byte	0x35
 273 0123 4500 0000 		.long	0x45
 274 0127 01        		.byte	0x1
 275 0128 05        		.byte	0x5
 276 0129 03        		.byte	0x3
 277 012a 0000 0000 		.long	tha
 278 012e 07        		.uleb128 0x7
 279 012f 6861 00   		.string	"ha"
 280 0132 02        		.byte	0x2
 281 0133 35        		.byte	0x35
 282 0134 4500 0000 		.long	0x45
 283 0138 01        		.byte	0x1
 284 0139 05        		.byte	0x5
 285 013a 03        		.byte	0x3
GAS LISTING C:\DOCUME~1\KZaleski\USTAWI~1\Temp/ccbrud7B.s 			page 6


 286 013b 0000 0000 		.long	ha
 287 013f 07        		.uleb128 0x7
 288 0140 7461 00   		.string	"ta"
 289 0143 02        		.byte	0x2
 290 0144 35        		.byte	0x35
 291 0145 4500 0000 		.long	0x45
 292 0149 01        		.byte	0x1
 293 014a 05        		.byte	0x5
 294 014b 03        		.byte	0x3
 295 014c 0000 0000 		.long	ta
 296 0150 07        		.uleb128 0x7
 297 0151 7561 00   		.string	"ua"
 298 0154 02        		.byte	0x2
 299 0155 35        		.byte	0x35
 300 0156 4500 0000 		.long	0x45
 301 015a 01        		.byte	0x1
 302 015b 05        		.byte	0x5
 303 015c 03        		.byte	0x3
 304 015d 0000 0000 		.long	ua
 305 0161 08        		.uleb128 0x8
 306 0162 0000 0000 		.long	.LASF12
 307 0166 02        		.byte	0x2
 308 0167 35        		.byte	0x35
 309 0168 4500 0000 		.long	0x45
 310 016c 01        		.byte	0x1
 311 016d 05        		.byte	0x5
 312 016e 03        		.byte	0x3
 313 016f 0000 0000 		.long	push
 314 0173 08        		.uleb128 0x8
 315 0174 0000 0000 		.long	.LASF13
 316 0178 02        		.byte	0x2
 317 0179 35        		.byte	0x35
 318 017a 4500 0000 		.long	0x45
 319 017e 01        		.byte	0x1
 320 017f 05        		.byte	0x5
 321 0180 03        		.byte	0x3
 322 0181 0000 0000 		.long	push2
 323 0185 08        		.uleb128 0x8
 324 0186 0000 0000 		.long	.LASF14
 325 018a 02        		.byte	0x2
 326 018b 35        		.byte	0x35
 327 018c 4500 0000 		.long	0x45
 328 0190 01        		.byte	0x1
 329 0191 05        		.byte	0x5
 330 0192 03        		.byte	0x3
 331 0193 0000 0000 		.long	push3
 332 0197 08        		.uleb128 0x8
 333 0198 0000 0000 		.long	.LASF15
 334 019c 02        		.byte	0x2
 335 019d 35        		.byte	0x35
 336 019e 4500 0000 		.long	0x45
 337 01a2 01        		.byte	0x1
 338 01a3 05        		.byte	0x5
 339 01a4 03        		.byte	0x3
 340 01a5 0000 0000 		.long	push4
 341 01a9 08        		.uleb128 0x8
 342 01aa 0000 0000 		.long	.LASF16
GAS LISTING C:\DOCUME~1\KZaleski\USTAWI~1\Temp/ccbrud7B.s 			page 7


 343 01ae 02        		.byte	0x2
 344 01af 35        		.byte	0x35
 345 01b0 4500 0000 		.long	0x45
 346 01b4 01        		.byte	0x1
 347 01b5 05        		.byte	0x5
 348 01b6 03        		.byte	0x3
 349 01b7 0000 0000 		.long	push5
 350 01bb 08        		.uleb128 0x8
 351 01bc 0000 0000 		.long	.LASF17
 352 01c0 02        		.byte	0x2
 353 01c1 35        		.byte	0x35
 354 01c2 4500 0000 		.long	0x45
 355 01c6 01        		.byte	0x1
 356 01c7 05        		.byte	0x5
 357 01c8 03        		.byte	0x3
 358 01c9 0000 0000 		.long	temp_d
 359 01cd 08        		.uleb128 0x8
 360 01ce 0000 0000 		.long	.LASF18
 361 01d2 02        		.byte	0x2
 362 01d3 35        		.byte	0x35
 363 01d4 4500 0000 		.long	0x45
 364 01d8 01        		.byte	0x1
 365 01d9 05        		.byte	0x5
 366 01da 03        		.byte	0x3
 367 01db 0000 0000 		.long	temp_n
 368 01df 08        		.uleb128 0x8
 369 01e0 0000 0000 		.long	.LASF19
 370 01e4 02        		.byte	0x2
 371 01e5 35        		.byte	0x35
 372 01e6 4500 0000 		.long	0x45
 373 01ea 01        		.byte	0x1
 374 01eb 05        		.byte	0x5
 375 01ec 03        		.byte	0x3
 376 01ed 0000 0000 		.long	nat1
 377 01f1 08        		.uleb128 0x8
 378 01f2 0000 0000 		.long	.LASF20
 379 01f6 02        		.byte	0x2
 380 01f7 35        		.byte	0x35
 381 01f8 4500 0000 		.long	0x45
 382 01fc 01        		.byte	0x1
 383 01fd 05        		.byte	0x5
 384 01fe 03        		.byte	0x3
 385 01ff 0000 0000 		.long	nat2
 386 0203 08        		.uleb128 0x8
 387 0204 0000 0000 		.long	.LASF21
 388 0208 02        		.byte	0x2
 389 0209 35        		.byte	0x35
 390 020a 4500 0000 		.long	0x45
 391 020e 01        		.byte	0x1
 392 020f 05        		.byte	0x5
 393 0210 03        		.byte	0x3
 394 0211 0000 0000 		.long	nat3
 395 0215 08        		.uleb128 0x8
 396 0216 0000 0000 		.long	.LASF22
 397 021a 02        		.byte	0x2
 398 021b 35        		.byte	0x35
 399 021c 4500 0000 		.long	0x45
GAS LISTING C:\DOCUME~1\KZaleski\USTAWI~1\Temp/ccbrud7B.s 			page 8


 400 0220 01        		.byte	0x1
 401 0221 05        		.byte	0x5
 402 0222 03        		.byte	0x3
 403 0223 0000 0000 		.long	nat4
 404 0227 08        		.uleb128 0x8
 405 0228 0000 0000 		.long	.LASF23
 406 022c 02        		.byte	0x2
 407 022d 35        		.byte	0x35
 408 022e 4500 0000 		.long	0x45
 409 0232 01        		.byte	0x1
 410 0233 05        		.byte	0x5
 411 0234 03        		.byte	0x3
 412 0235 0000 0000 		.long	nat5
 413 0239 08        		.uleb128 0x8
 414 023a 0000 0000 		.long	.LASF24
 415 023e 02        		.byte	0x2
 416 023f 35        		.byte	0x35
 417 0240 4500 0000 		.long	0x45
 418 0244 01        		.byte	0x1
 419 0245 05        		.byte	0x5
 420 0246 03        		.byte	0x3
 421 0247 0000 0000 		.long	pilot_licz
 422 024b 07        		.uleb128 0x7
 423 024c 7000      		.string	"p"
 424 024e 02        		.byte	0x2
 425 024f 35        		.byte	0x35
 426 0250 4500 0000 		.long	0x45
 427 0254 01        		.byte	0x1
 428 0255 05        		.byte	0x5
 429 0256 03        		.byte	0x3
 430 0257 0000 0000 		.long	p
 431 025b 08        		.uleb128 0x8
 432 025c 0000 0000 		.long	.LASF25
 433 0260 02        		.byte	0x2
 434 0261 35        		.byte	0x35
 435 0262 4500 0000 		.long	0x45
 436 0266 01        		.byte	0x1
 437 0267 05        		.byte	0x5
 438 0268 03        		.byte	0x3
 439 0269 0000 0000 		.long	przycisk
 440 026d 08        		.uleb128 0x8
 441 026e 0000 0000 		.long	.LASF26
 442 0272 02        		.byte	0x2
 443 0273 36        		.byte	0x36
 444 0274 7F02 0000 		.long	0x27f
 445 0278 01        		.byte	0x1
 446 0279 05        		.byte	0x5
 447 027a 03        		.byte	0x3
 448 027b 0000 0000 		.long	zrodlo1
 449 027f 02        		.uleb128 0x2
 450 0280 01        		.byte	0x1
 451 0281 08        		.byte	0x8
 452 0282 0000 0000 		.long	.LASF27
 453 0286 08        		.uleb128 0x8
 454 0287 0000 0000 		.long	.LASF28
 455 028b 02        		.byte	0x2
 456 028c 36        		.byte	0x36
GAS LISTING C:\DOCUME~1\KZaleski\USTAWI~1\Temp/ccbrud7B.s 			page 9


 457 028d 7F02 0000 		.long	0x27f
 458 0291 01        		.byte	0x1
 459 0292 05        		.byte	0x5
 460 0293 03        		.byte	0x3
 461 0294 0000 0000 		.long	zrodlo2
 462 0298 08        		.uleb128 0x8
 463 0299 0000 0000 		.long	.LASF29
 464 029d 02        		.byte	0x2
 465 029e 36        		.byte	0x36
 466 029f 7F02 0000 		.long	0x27f
 467 02a3 01        		.byte	0x1
 468 02a4 05        		.byte	0x5
 469 02a5 03        		.byte	0x3
 470 02a6 0000 0000 		.long	zrodlo3
 471 02aa 08        		.uleb128 0x8
 472 02ab 0000 0000 		.long	.LASF30
 473 02af 02        		.byte	0x2
 474 02b0 36        		.byte	0x36
 475 02b1 7F02 0000 		.long	0x27f
 476 02b5 01        		.byte	0x1
 477 02b6 05        		.byte	0x5
 478 02b7 03        		.byte	0x3
 479 02b8 0000 0000 		.long	zrodlo4
 480 02bc 08        		.uleb128 0x8
 481 02bd 0000 0000 		.long	.LASF31
 482 02c1 02        		.byte	0x2
 483 02c2 36        		.byte	0x36
 484 02c3 7F02 0000 		.long	0x27f
 485 02c7 01        		.byte	0x1
 486 02c8 05        		.byte	0x5
 487 02c9 03        		.byte	0x3
 488 02ca 0000 0000 		.long	zrodlo5
 489 02ce 08        		.uleb128 0x8
 490 02cf 0000 0000 		.long	.LASF32
 491 02d3 02        		.byte	0x2
 492 02d4 36        		.byte	0x36
 493 02d5 7F02 0000 		.long	0x27f
 494 02d9 01        		.byte	0x1
 495 02da 05        		.byte	0x5
 496 02db 03        		.byte	0x3
 497 02dc 0000 0000 		.long	swiatlo1
 498 02e0 08        		.uleb128 0x8
 499 02e1 0000 0000 		.long	.LASF33
 500 02e5 02        		.byte	0x2
 501 02e6 36        		.byte	0x36
 502 02e7 7F02 0000 		.long	0x27f
 503 02eb 01        		.byte	0x1
 504 02ec 05        		.byte	0x5
 505 02ed 03        		.byte	0x3
 506 02ee 0000 0000 		.long	swiatlo2
 507 02f2 08        		.uleb128 0x8
 508 02f3 0000 0000 		.long	.LASF34
 509 02f7 02        		.byte	0x2
 510 02f8 36        		.byte	0x36
 511 02f9 7F02 0000 		.long	0x27f
 512 02fd 01        		.byte	0x1
 513 02fe 05        		.byte	0x5
GAS LISTING C:\DOCUME~1\KZaleski\USTAWI~1\Temp/ccbrud7B.s 			page 10


 514 02ff 03        		.byte	0x3
 515 0300 0000 0000 		.long	swiatlo3
 516 0304 08        		.uleb128 0x8
 517 0305 0000 0000 		.long	.LASF35
 518 0309 02        		.byte	0x2
 519 030a 36        		.byte	0x36
 520 030b 7F02 0000 		.long	0x27f
 521 030f 01        		.byte	0x1
 522 0310 05        		.byte	0x5
 523 0311 03        		.byte	0x3
 524 0312 0000 0000 		.long	swiatlo4
 525 0316 08        		.uleb128 0x8
 526 0317 0000 0000 		.long	.LASF36
 527 031b 02        		.byte	0x2
 528 031c 36        		.byte	0x36
 529 031d 7F02 0000 		.long	0x27f
 530 0321 01        		.byte	0x1
 531 0322 05        		.byte	0x5
 532 0323 03        		.byte	0x3
 533 0324 0000 0000 		.long	swiatlo5
 534 0328 08        		.uleb128 0x8
 535 0329 0000 0000 		.long	.LASF37
 536 032d 02        		.byte	0x2
 537 032e 36        		.byte	0x36
 538 032f 7F02 0000 		.long	0x27f
 539 0333 01        		.byte	0x1
 540 0334 05        		.byte	0x5
 541 0335 03        		.byte	0x3
 542 0336 0000 0000 		.long	czujka
 543 033a 08        		.uleb128 0x8
 544 033b 0000 0000 		.long	.LASF38
 545 033f 02        		.byte	0x2
 546 0340 36        		.byte	0x36
 547 0341 7F02 0000 		.long	0x27f
 548 0345 01        		.byte	0x1
 549 0346 05        		.byte	0x5
 550 0347 03        		.byte	0x3
 551 0348 0000 0000 		.long	irda
 552 034c 08        		.uleb128 0x8
 553 034d 0000 0000 		.long	.LASF39
 554 0351 02        		.byte	0x2
 555 0352 36        		.byte	0x36
 556 0353 7F02 0000 		.long	0x27f
 557 0357 01        		.byte	0x1
 558 0358 05        		.byte	0x5
 559 0359 03        		.byte	0x3
 560 035a 0000 0000 		.long	klimat
 561 035e 07        		.uleb128 0x7
 562 035f 645F 6E00 		.string	"d_n"
 563 0363 02        		.byte	0x2
 564 0364 36        		.byte	0x36
 565 0365 7F02 0000 		.long	0x27f
 566 0369 01        		.byte	0x1
 567 036a 05        		.byte	0x5
 568 036b 03        		.byte	0x3
 569 036c 0000 0000 		.long	d_n
 570 0370 08        		.uleb128 0x8
GAS LISTING C:\DOCUME~1\KZaleski\USTAWI~1\Temp/ccbrud7B.s 			page 11


 571 0371 0000 0000 		.long	.LASF40
 572 0375 02        		.byte	0x2
 573 0376 36        		.byte	0x36
 574 0377 7F02 0000 		.long	0x27f
 575 037b 01        		.byte	0x1
 576 037c 05        		.byte	0x5
 577 037d 03        		.byte	0x3
 578 037e 0000 0000 		.long	push_up
 579 0382 08        		.uleb128 0x8
 580 0383 0000 0000 		.long	.LASF41
 581 0387 02        		.byte	0x2
 582 0388 36        		.byte	0x36
 583 0389 7F02 0000 		.long	0x27f
 584 038d 01        		.byte	0x1
 585 038e 05        		.byte	0x5
 586 038f 03        		.byte	0x3
 587 0390 0000 0000 		.long	push2_up
 588 0394 08        		.uleb128 0x8
 589 0395 0000 0000 		.long	.LASF42
 590 0399 02        		.byte	0x2
 591 039a 36        		.byte	0x36
 592 039b 7F02 0000 		.long	0x27f
 593 039f 01        		.byte	0x1
 594 03a0 05        		.byte	0x5
 595 03a1 03        		.byte	0x3
 596 03a2 0000 0000 		.long	push3_up
 597 03a6 08        		.uleb128 0x8
 598 03a7 0000 0000 		.long	.LASF43
 599 03ab 02        		.byte	0x2
 600 03ac 36        		.byte	0x36
 601 03ad 7F02 0000 		.long	0x27f
 602 03b1 01        		.byte	0x1
 603 03b2 05        		.byte	0x5
 604 03b3 03        		.byte	0x3
 605 03b4 0000 0000 		.long	push4_up
 606 03b8 08        		.uleb128 0x8
 607 03b9 0000 0000 		.long	.LASF44
 608 03bd 02        		.byte	0x2
 609 03be 36        		.byte	0x36
 610 03bf 7F02 0000 		.long	0x27f
 611 03c3 01        		.byte	0x1
 612 03c4 05        		.byte	0x5
 613 03c5 03        		.byte	0x3
 614 03c6 0000 0000 		.long	push5_up
 615 03ca 08        		.uleb128 0x8
 616 03cb 0000 0000 		.long	.LASF45
 617 03cf 02        		.byte	0x2
 618 03d0 36        		.byte	0x36
 619 03d1 7F02 0000 		.long	0x27f
 620 03d5 01        		.byte	0x1
 621 03d6 05        		.byte	0x5
 622 03d7 03        		.byte	0x3
 623 03d8 0000 0000 		.long	push_down
 624 03dc 08        		.uleb128 0x8
 625 03dd 0000 0000 		.long	.LASF46
 626 03e1 02        		.byte	0x2
 627 03e2 36        		.byte	0x36
GAS LISTING C:\DOCUME~1\KZaleski\USTAWI~1\Temp/ccbrud7B.s 			page 12


 628 03e3 7F02 0000 		.long	0x27f
 629 03e7 01        		.byte	0x1
 630 03e8 05        		.byte	0x5
 631 03e9 03        		.byte	0x3
 632 03ea 0000 0000 		.long	zmiana
 633 03ee 08        		.uleb128 0x8
 634 03ef 0000 0000 		.long	.LASF47
 635 03f3 02        		.byte	0x2
 636 03f4 37        		.byte	0x37
 637 03f5 7F02 0000 		.long	0x27f
 638 03f9 01        		.byte	0x1
 639 03fa 05        		.byte	0x5
 640 03fb 03        		.byte	0x3
 641 03fc 0000 0000 		.long	temp_out_H
 642 0400 08        		.uleb128 0x8
 643 0401 0000 0000 		.long	.LASF48
 644 0405 02        		.byte	0x2
 645 0406 37        		.byte	0x37
 646 0407 7F02 0000 		.long	0x27f
 647 040b 01        		.byte	0x1
 648 040c 05        		.byte	0x5
 649 040d 03        		.byte	0x3
 650 040e 0000 0000 		.long	temp_out_L
 651 0412 08        		.uleb128 0x8
 652 0413 0000 0000 		.long	.LASF49
 653 0417 02        		.byte	0x2
 654 0418 3A        		.byte	0x3a
 655 0419 4500 0000 		.long	0x45
 656 041d 01        		.byte	0x1
 657 041e 05        		.byte	0x5
 658 041f 03        		.byte	0x3
 659 0420 0000 0000 		.long	temp_in
 660 0424 08        		.uleb128 0x8
 661 0425 0000 0000 		.long	.LASF50
 662 0429 02        		.byte	0x2
 663 042a 3A        		.byte	0x3a
 664 042b 4500 0000 		.long	0x45
 665 042f 01        		.byte	0x1
 666 0430 05        		.byte	0x5
 667 0431 03        		.byte	0x3
 668 0432 0000 0000 		.long	rh_in
 669 0436 08        		.uleb128 0x8
 670 0437 0000 0000 		.long	.LASF51
 671 043b 02        		.byte	0x2
 672 043c 3B        		.byte	0x3b
 673 043d 3E00 0000 		.long	0x3e
 674 0441 01        		.byte	0x1
 675 0442 05        		.byte	0x5
 676 0443 03        		.byte	0x3
 677 0444 0000 0000 		.long	stan1
 678 0448 00        		.byte	0x0
 679               		.section	.debug_abbrev
 680 0000 01        		.uleb128 0x1
 681 0001 11        		.uleb128 0x11
 682 0002 01        		.byte	0x1
 683 0003 25        		.uleb128 0x25
 684 0004 0E        		.uleb128 0xe
GAS LISTING C:\DOCUME~1\KZaleski\USTAWI~1\Temp/ccbrud7B.s 			page 13


 685 0005 13        		.uleb128 0x13
 686 0006 0B        		.uleb128 0xb
 687 0007 03        		.uleb128 0x3
 688 0008 0E        		.uleb128 0xe
 689 0009 1B        		.uleb128 0x1b
 690 000a 0E        		.uleb128 0xe
 691 000b 11        		.uleb128 0x11
 692 000c 01        		.uleb128 0x1
 693 000d 12        		.uleb128 0x12
 694 000e 01        		.uleb128 0x1
 695 000f 10        		.uleb128 0x10
 696 0010 06        		.uleb128 0x6
 697 0011 00        		.byte	0x0
 698 0012 00        		.byte	0x0
 699 0013 02        		.uleb128 0x2
 700 0014 24        		.uleb128 0x24
 701 0015 00        		.byte	0x0
 702 0016 0B        		.uleb128 0xb
 703 0017 0B        		.uleb128 0xb
 704 0018 3E        		.uleb128 0x3e
 705 0019 0B        		.uleb128 0xb
 706 001a 03        		.uleb128 0x3
 707 001b 0E        		.uleb128 0xe
 708 001c 00        		.byte	0x0
 709 001d 00        		.byte	0x0
 710 001e 03        		.uleb128 0x3
 711 001f 16        		.uleb128 0x16
 712 0020 00        		.byte	0x0
 713 0021 03        		.uleb128 0x3
 714 0022 0E        		.uleb128 0xe
 715 0023 3A        		.uleb128 0x3a
 716 0024 0B        		.uleb128 0xb
 717 0025 3B        		.uleb128 0x3b
 718 0026 0B        		.uleb128 0xb
 719 0027 49        		.uleb128 0x49
 720 0028 13        		.uleb128 0x13
 721 0029 00        		.byte	0x0
 722 002a 00        		.byte	0x0
 723 002b 04        		.uleb128 0x4
 724 002c 24        		.uleb128 0x24
 725 002d 00        		.byte	0x0
 726 002e 0B        		.uleb128 0xb
 727 002f 0B        		.uleb128 0xb
 728 0030 3E        		.uleb128 0x3e
 729 0031 0B        		.uleb128 0xb
 730 0032 03        		.uleb128 0x3
 731 0033 08        		.uleb128 0x8
 732 0034 00        		.byte	0x0
 733 0035 00        		.byte	0x0
 734 0036 05        		.uleb128 0x5
 735 0037 24        		.uleb128 0x24
 736 0038 00        		.byte	0x0
 737 0039 0B        		.uleb128 0xb
 738 003a 0B        		.uleb128 0xb
 739 003b 3E        		.uleb128 0x3e
 740 003c 0B        		.uleb128 0xb
 741 003d 00        		.byte	0x0
GAS LISTING C:\DOCUME~1\KZaleski\USTAWI~1\Temp/ccbrud7B.s 			page 14


 742 003e 00        		.byte	0x0
 743 003f 06        		.uleb128 0x6
 744 0040 2E        		.uleb128 0x2e
 745 0041 00        		.byte	0x0
 746 0042 3F        		.uleb128 0x3f
 747 0043 0C        		.uleb128 0xc
 748 0044 03        		.uleb128 0x3
 749 0045 0E        		.uleb128 0xe
 750 0046 3A        		.uleb128 0x3a
 751 0047 0B        		.uleb128 0xb
 752 0048 3B        		.uleb128 0x3b
 753 0049 0B        		.uleb128 0xb
 754 004a 27        		.uleb128 0x27
 755 004b 0C        		.uleb128 0xc
 756 004c 11        		.uleb128 0x11
 757 004d 01        		.uleb128 0x1
 758 004e 12        		.uleb128 0x12
 759 004f 01        		.uleb128 0x1
 760 0050 40        		.uleb128 0x40
 761 0051 0A        		.uleb128 0xa
 762 0052 00        		.byte	0x0
 763 0053 00        		.byte	0x0
 764 0054 07        		.uleb128 0x7
 765 0055 34        		.uleb128 0x34
 766 0056 00        		.byte	0x0
 767 0057 03        		.uleb128 0x3
 768 0058 08        		.uleb128 0x8
 769 0059 3A        		.uleb128 0x3a
 770 005a 0B        		.uleb128 0xb
 771 005b 3B        		.uleb128 0x3b
 772 005c 0B        		.uleb128 0xb
 773 005d 49        		.uleb128 0x49
 774 005e 13        		.uleb128 0x13
 775 005f 3F        		.uleb128 0x3f
 776 0060 0C        		.uleb128 0xc
 777 0061 02        		.uleb128 0x2
 778 0062 0A        		.uleb128 0xa
 779 0063 00        		.byte	0x0
 780 0064 00        		.byte	0x0
 781 0065 08        		.uleb128 0x8
 782 0066 34        		.uleb128 0x34
 783 0067 00        		.byte	0x0
 784 0068 03        		.uleb128 0x3
 785 0069 0E        		.uleb128 0xe
 786 006a 3A        		.uleb128 0x3a
 787 006b 0B        		.uleb128 0xb
 788 006c 3B        		.uleb128 0x3b
 789 006d 0B        		.uleb128 0xb
 790 006e 49        		.uleb128 0x49
 791 006f 13        		.uleb128 0x13
 792 0070 3F        		.uleb128 0x3f
 793 0071 0C        		.uleb128 0xc
 794 0072 02        		.uleb128 0x2
 795 0073 0A        		.uleb128 0xa
 796 0074 00        		.byte	0x0
 797 0075 00        		.byte	0x0
 798 0076 00        		.byte	0x0
GAS LISTING C:\DOCUME~1\KZaleski\USTAWI~1\Temp/ccbrud7B.s 			page 15


 799               		.section	.debug_pubnames,"",@progbits
 800 0000 5802 0000 		.long	0x258
 801 0004 0200      		.word	0x2
 802 0006 0000 0000 		.long	.Ldebug_info0
 803 000a 4904 0000 		.long	0x449
 804 000e 6B00 0000 		.long	0x6b
 805 0012 5379 7374 		.string	"SystemInit"
 805      656D 496E 
 805      6974 00
 806 001d 7F00 0000 		.long	0x7f
 807 0021 7431 00   		.string	"t1"
 808 0024 9000 0000 		.long	0x90
 809 0028 7432 00   		.string	"t2"
 810 002b A100 0000 		.long	0xa1
 811 002f 7433 00   		.string	"t3"
 812 0032 B200 0000 		.long	0xb2
 813 0036 7400      		.string	"t"
 814 0038 C200 0000 		.long	0xc2
 815 003c 6E61 7473 		.string	"nats1"
 815      3100 
 816 0042 D400 0000 		.long	0xd4
 817 0046 6E61 7473 		.string	"nats2"
 817      3200 
 818 004c E600 0000 		.long	0xe6
 819 0050 6E61 7473 		.string	"nats3"
 819      3300 
 820 0056 F800 0000 		.long	0xf8
 821 005a 6E61 7473 		.string	"nats4"
 821      3400 
 822 0060 0A01 0000 		.long	0x10a
 823 0064 6E61 7473 		.string	"nats5"
 823      3500 
 824 006a 1C01 0000 		.long	0x11c
 825 006e 7468 6100 		.string	"tha"
 826 0072 2E01 0000 		.long	0x12e
 827 0076 6861 00   		.string	"ha"
 828 0079 3F01 0000 		.long	0x13f
 829 007d 7461 00   		.string	"ta"
 830 0080 5001 0000 		.long	0x150
 831 0084 7561 00   		.string	"ua"
 832 0087 6101 0000 		.long	0x161
 833 008b 7075 7368 		.string	"push"
 833      00
 834 0090 7301 0000 		.long	0x173
 835 0094 7075 7368 		.string	"push2"
 835      3200 
 836 009a 8501 0000 		.long	0x185
 837 009e 7075 7368 		.string	"push3"
 837      3300 
 838 00a4 9701 0000 		.long	0x197
 839 00a8 7075 7368 		.string	"push4"
 839      3400 
 840 00ae A901 0000 		.long	0x1a9
 841 00b2 7075 7368 		.string	"push5"
 841      3500 
 842 00b8 BB01 0000 		.long	0x1bb
 843 00bc 7465 6D70 		.string	"temp_d"
GAS LISTING C:\DOCUME~1\KZaleski\USTAWI~1\Temp/ccbrud7B.s 			page 16


 843      5F64 00
 844 00c3 CD01 0000 		.long	0x1cd
 845 00c7 7465 6D70 		.string	"temp_n"
 845      5F6E 00
 846 00ce DF01 0000 		.long	0x1df
 847 00d2 6E61 7431 		.string	"nat1"
 847      00
 848 00d7 F101 0000 		.long	0x1f1
 849 00db 6E61 7432 		.string	"nat2"
 849      00
 850 00e0 0302 0000 		.long	0x203
 851 00e4 6E61 7433 		.string	"nat3"
 851      00
 852 00e9 1502 0000 		.long	0x215
 853 00ed 6E61 7434 		.string	"nat4"
 853      00
 854 00f2 2702 0000 		.long	0x227
 855 00f6 6E61 7435 		.string	"nat5"
 855      00
 856 00fb 3902 0000 		.long	0x239
 857 00ff 7069 6C6F 		.string	"pilot_licz"
 857      745F 6C69 
 857      637A 00
 858 010a 4B02 0000 		.long	0x24b
 859 010e 7000      		.string	"p"
 860 0110 5B02 0000 		.long	0x25b
 861 0114 7072 7A79 		.string	"przycisk"
 861      6369 736B 
 861      00
 862 011d 6D02 0000 		.long	0x26d
 863 0121 7A72 6F64 		.string	"zrodlo1"
 863      6C6F 3100 
 864 0129 8602 0000 		.long	0x286
 865 012d 7A72 6F64 		.string	"zrodlo2"
 865      6C6F 3200 
 866 0135 9802 0000 		.long	0x298
 867 0139 7A72 6F64 		.string	"zrodlo3"
 867      6C6F 3300 
 868 0141 AA02 0000 		.long	0x2aa
 869 0145 7A72 6F64 		.string	"zrodlo4"
 869      6C6F 3400 
 870 014d BC02 0000 		.long	0x2bc
 871 0151 7A72 6F64 		.string	"zrodlo5"
 871      6C6F 3500 
 872 0159 CE02 0000 		.long	0x2ce
 873 015d 7377 6961 		.string	"swiatlo1"
 873      746C 6F31 
 873      00
 874 0166 E002 0000 		.long	0x2e0
 875 016a 7377 6961 		.string	"swiatlo2"
 875      746C 6F32 
 875      00
 876 0173 F202 0000 		.long	0x2f2
 877 0177 7377 6961 		.string	"swiatlo3"
 877      746C 6F33 
 877      00
 878 0180 0403 0000 		.long	0x304
GAS LISTING C:\DOCUME~1\KZaleski\USTAWI~1\Temp/ccbrud7B.s 			page 17


 879 0184 7377 6961 		.string	"swiatlo4"
 879      746C 6F34 
 879      00
 880 018d 1603 0000 		.long	0x316
 881 0191 7377 6961 		.string	"swiatlo5"
 881      746C 6F35 
 881      00
 882 019a 2803 0000 		.long	0x328
 883 019e 637A 756A 		.string	"czujka"
 883      6B61 00
 884 01a5 3A03 0000 		.long	0x33a
 885 01a9 6972 6461 		.string	"irda"
 885      00
 886 01ae 4C03 0000 		.long	0x34c
 887 01b2 6B6C 696D 		.string	"klimat"
 887      6174 00
 888 01b9 5E03 0000 		.long	0x35e
 889 01bd 645F 6E00 		.string	"d_n"
 890 01c1 7003 0000 		.long	0x370
 891 01c5 7075 7368 		.string	"push_up"
 891      5F75 7000 
 892 01cd 8203 0000 		.long	0x382
 893 01d1 7075 7368 		.string	"push2_up"
 893      325F 7570 
 893      00
 894 01da 9403 0000 		.long	0x394
 895 01de 7075 7368 		.string	"push3_up"
 895      335F 7570 
 895      00
 896 01e7 A603 0000 		.long	0x3a6
 897 01eb 7075 7368 		.string	"push4_up"
 897      345F 7570 
 897      00
 898 01f4 B803 0000 		.long	0x3b8
 899 01f8 7075 7368 		.string	"push5_up"
 899      355F 7570 
 899      00
 900 0201 CA03 0000 		.long	0x3ca
 901 0205 7075 7368 		.string	"push_down"
 901      5F64 6F77 
 901      6E00 
 902 020f DC03 0000 		.long	0x3dc
 903 0213 7A6D 6961 		.string	"zmiana"
 903      6E61 00
 904 021a EE03 0000 		.long	0x3ee
 905 021e 7465 6D70 		.string	"temp_out_H"
 905      5F6F 7574 
 905      5F48 00
 906 0229 0004 0000 		.long	0x400
 907 022d 7465 6D70 		.string	"temp_out_L"
 907      5F6F 7574 
 907      5F4C 00
 908 0238 1204 0000 		.long	0x412
 909 023c 7465 6D70 		.string	"temp_in"
 909      5F69 6E00 
 910 0244 2404 0000 		.long	0x424
 911 0248 7268 5F69 		.string	"rh_in"
GAS LISTING C:\DOCUME~1\KZaleski\USTAWI~1\Temp/ccbrud7B.s 			page 18


 911      6E00 
 912 024e 3604 0000 		.long	0x436
 913 0252 7374 616E 		.string	"stan1"
 913      3100 
 914 0258 0000 0000 		.long	0x0
 915               		.section	.debug_aranges,"",@progbits
 916 0000 1C00 0000 		.long	0x1c
 917 0004 0200      		.word	0x2
 918 0006 0000 0000 		.long	.Ldebug_info0
 919 000a 04        		.byte	0x4
 920 000b 00        		.byte	0x0
 921 000c 0000      		.word	0x0
 922 000e 0000      		.word	0x0
 923 0010 0000 0000 		.long	.Ltext0
 924 0014 1800 0000 		.long	.Letext0-.Ltext0
 925 0018 0000 0000 		.long	0x0
 926 001c 0000 0000 		.long	0x0
 927               		.section	.debug_line
 928 0000 B000 0000 		.long	.LELT0-.LSLT0
 929               	.LSLT0:
 930 0004 0200      		.word	0x2
 931 0006 6000 0000 		.long	.LELTP0-.LASLTP0
 932               	.LASLTP0:
 933 000a 01        		.byte	0x1
 934 000b 01        		.byte	0x1
 935 000c F6        		.byte	0xf6
 936 000d F5        		.byte	0xf5
 937 000e 0A        		.byte	0xa
 938 000f 00        		.byte	0x0
 939 0010 01        		.byte	0x1
 940 0011 01        		.byte	0x1
 941 0012 01        		.byte	0x1
 942 0013 01        		.byte	0x1
 943 0014 00        		.byte	0x0
 944 0015 00        		.byte	0x0
 945 0016 00        		.byte	0x0
 946 0017 01        		.byte	0x1
 947 0018 633A 2F77 		.ascii	"c:/winavr-20100110/lib/gcc/../../avr/include"
 947      696E 6176 
 947      722D 3230 
 947      3130 3031 
 947      3130 2F6C 
 948 0044 00        		.byte	0
 949 0045 00        		.byte	0x0
 950 0046 6675 6E6B 		.string	"funkcje.c"
 950      636A 652E 
 950      6300 
 951 0050 00        		.uleb128 0x0
 952 0051 00        		.uleb128 0x0
 953 0052 00        		.uleb128 0x0
 954 0053 6865 6164 		.string	"head.h"
 954      2E68 00
 955 005a 00        		.uleb128 0x0
 956 005b 00        		.uleb128 0x0
 957 005c 00        		.uleb128 0x0
 958 005d 7374 6469 		.string	"stdint.h"
 958      6E74 2E68 
GAS LISTING C:\DOCUME~1\KZaleski\USTAWI~1\Temp/ccbrud7B.s 			page 19


 958      00
 959 0066 01        		.uleb128 0x1
 960 0067 00        		.uleb128 0x0
 961 0068 00        		.uleb128 0x0
 962 0069 00        		.byte	0x0
 963               	.LELTP0:
 964 006a 00        		.byte	0x0
 965 006b 05        		.uleb128 0x5
 966 006c 02        		.byte	0x2
 967 006d 0000 0000 		.long	.LM1
 968 0071 3A        		.byte	0x3a
 969 0072 00        		.byte	0x0
 970 0073 05        		.uleb128 0x5
 971 0074 02        		.byte	0x2
 972 0075 0000 0000 		.long	.LM2
 973 0079 18        		.byte	0x18
 974 007a 00        		.byte	0x0
 975 007b 05        		.uleb128 0x5
 976 007c 02        		.byte	0x2
 977 007d 0000 0000 		.long	.LM3
 978 0081 15        		.byte	0x15
 979 0082 00        		.byte	0x0
 980 0083 05        		.uleb128 0x5
 981 0084 02        		.byte	0x2
 982 0085 0000 0000 		.long	.LM4
 983 0089 15        		.byte	0x15
 984 008a 00        		.byte	0x0
 985 008b 05        		.uleb128 0x5
 986 008c 02        		.byte	0x2
 987 008d 0000 0000 		.long	.LM5
 988 0091 15        		.byte	0x15
 989 0092 00        		.byte	0x0
 990 0093 05        		.uleb128 0x5
 991 0094 02        		.byte	0x2
 992 0095 0000 0000 		.long	.LM6
 993 0099 16        		.byte	0x16
 994 009a 00        		.byte	0x0
 995 009b 05        		.uleb128 0x5
 996 009c 02        		.byte	0x2
 997 009d 0000 0000 		.long	.LM7
 998 00a1 15        		.byte	0x15
 999 00a2 00        		.byte	0x0
 1000 00a3 05        		.uleb128 0x5
 1001 00a4 02        		.byte	0x2
 1002 00a5 0000 0000 		.long	.LM8
 1003 00a9 17        		.byte	0x17
 1004 00aa 00        		.byte	0x0
 1005 00ab 05        		.uleb128 0x5
 1006 00ac 02        		.byte	0x2
 1007 00ad 0000 0000 		.long	.Letext0
 1008 00b1 00        		.byte	0x0
 1009 00b2 01        		.uleb128 0x1
 1010 00b3 01        		.byte	0x1
 1011               	.LELT0:
 1012 00b4 1600 0000 		.section	.debug_str,"MS",@progbits,1
 1012      0200 1000 
 1012      0000 0101 
GAS LISTING C:\DOCUME~1\KZaleski\USTAWI~1\Temp/ccbrud7B.s 			page 20


 1012      FB0E 0A00 
 1012      0101 0101 
 1013               	.LASF52:
 1014 0000 474E 5520 		.string	"GNU C 4.3.3"
 1014      4320 342E 
 1014      332E 3300 
 1015               	.LASF18:
 1016 000c 7465 6D70 		.string	"temp_n"
 1016      5F6E 00
 1017               	.LASF26:
 1018 0013 7A72 6F64 		.string	"zrodlo1"
 1018      6C6F 3100 
 1019               	.LASF28:
 1020 001b 7A72 6F64 		.string	"zrodlo2"
 1020      6C6F 3200 
 1021               	.LASF29:
 1022 0023 7A72 6F64 		.string	"zrodlo3"
 1022      6C6F 3300 
 1023               	.LASF30:
 1024 002b 7A72 6F64 		.string	"zrodlo4"
 1024      6C6F 3400 
 1025               	.LASF19:
 1026 0033 6E61 7431 		.string	"nat1"
 1026      00
 1027               	.LASF20:
 1028 0038 6E61 7432 		.string	"nat2"
 1028      00
 1029               	.LASF53:
 1030 003d 6675 6E6B 		.string	"funkcje.c"
 1030      636A 652E 
 1030      6300 
 1031               	.LASF22:
 1032 0047 6E61 7434 		.string	"nat4"
 1032      00
 1033               	.LASF23:
 1034 004c 6E61 7435 		.string	"nat5"
 1034      00
 1035               	.LASF17:
 1036 0051 7465 6D70 		.string	"temp_d"
 1036      5F64 00
 1037               	.LASF7:
 1038 0058 6E61 7473 		.string	"nats1"
 1038      3100 
 1039               	.LASF8:
 1040 005e 6E61 7473 		.string	"nats2"
 1040      3200 
 1041               	.LASF55:
 1042 0064 7569 6E74 		.string	"uint8_t"
 1042      385F 7400 
 1043               	.LASF10:
 1044 006c 6E61 7473 		.string	"nats4"
 1044      3400 
 1045               	.LASF11:
 1046 0072 6E61 7473 		.string	"nats5"
 1046      3500 
 1047               	.LASF44:
 1048 0078 7075 7368 		.string	"push5_up"
GAS LISTING C:\DOCUME~1\KZaleski\USTAWI~1\Temp/ccbrud7B.s 			page 21


 1048      355F 7570 
 1048      00
 1049               	.LASF12:
 1050 0081 7075 7368 		.string	"push"
 1050      00
 1051               	.LASF51:
 1052 0086 7374 616E 		.string	"stan1"
 1052      3100 
 1053               	.LASF13:
 1054 008c 7075 7368 		.string	"push2"
 1054      3200 
 1055               	.LASF14:
 1056 0092 7075 7368 		.string	"push3"
 1056      3300 
 1057               	.LASF15:
 1058 0098 7075 7368 		.string	"push4"
 1058      3400 
 1059               	.LASF16:
 1060 009e 7075 7368 		.string	"push5"
 1060      3500 
 1061               	.LASF21:
 1062 00a4 6E61 7433 		.string	"nat3"
 1062      00
 1063               	.LASF42:
 1064 00a9 7075 7368 		.string	"push3_up"
 1064      335F 7570 
 1064      00
 1065               	.LASF5:
 1066 00b2 6C6F 6E67 		.string	"long long int"
 1066      206C 6F6E 
 1066      6720 696E 
 1066      7400 
 1067               	.LASF54:
 1068 00c0 783A 5C61 		.string	"x:\\avr\\uk\263ad_wej\\in"
 1068      7672 5C75 
 1068      6BB3 6164 
 1068      5F77 656A 
 1068      5C69 6E00 
 1069               	.LASF3:
 1070 00d4 6C6F 6E67 		.string	"long int"
 1070      2069 6E74 
 1070      00
 1071               	.LASF25:
 1072 00dd 7072 7A79 		.string	"przycisk"
 1072      6369 736B 
 1072      00
 1073               	.LASF39:
 1074 00e6 6B6C 696D 		.string	"klimat"
 1074      6174 00
 1075               	.LASF31:
 1076 00ed 7A72 6F64 		.string	"zrodlo5"
 1076      6C6F 3500 
 1077               	.LASF41:
 1078 00f5 7075 7368 		.string	"push2_up"
 1078      325F 7570 
 1078      00
 1079               	.LASF1:
GAS LISTING C:\DOCUME~1\KZaleski\USTAWI~1\Temp/ccbrud7B.s 			page 22


 1080 00fe 756E 7369 		.string	"unsigned char"
 1080      676E 6564 
 1080      2063 6861 
 1080      7200 
 1081               	.LASF47:
 1082 010c 7465 6D70 		.string	"temp_out_H"
 1082      5F6F 7574 
 1082      5F48 00
 1083               	.LASF48:
 1084 0117 7465 6D70 		.string	"temp_out_L"
 1084      5F6F 7574 
 1084      5F4C 00
 1085               	.LASF0:
 1086 0122 7369 676E 		.string	"signed char"
 1086      6564 2063 
 1086      6861 7200 
 1087               	.LASF9:
 1088 012e 6E61 7473 		.string	"nats3"
 1088      3300 
 1089               	.LASF6:
 1090 0134 6C6F 6E67 		.string	"long long unsigned int"
 1090      206C 6F6E 
 1090      6720 756E 
 1090      7369 676E 
 1090      6564 2069 
 1091               	.LASF2:
 1092 014b 756E 7369 		.string	"unsigned int"
 1092      676E 6564 
 1092      2069 6E74 
 1092      00
 1093               	.LASF56:
 1094 0158 5379 7374 		.string	"SystemInit"
 1094      656D 496E 
 1094      6974 00
 1095               	.LASF24:
 1096 0163 7069 6C6F 		.string	"pilot_licz"
 1096      745F 6C69 
 1096      637A 00
 1097               	.LASF45:
 1098 016e 7075 7368 		.string	"push_down"
 1098      5F64 6F77 
 1098      6E00 
 1099               	.LASF27:
 1100 0178 6368 6172 		.string	"char"
 1100      00
 1101               	.LASF40:
 1102 017d 7075 7368 		.string	"push_up"
 1102      5F75 7000 
 1103               	.LASF50:
 1104 0185 7268 5F69 		.string	"rh_in"
 1104      6E00 
 1105               	.LASF4:
 1106 018b 6C6F 6E67 		.string	"long unsigned int"
 1106      2075 6E73 
 1106      6967 6E65 
 1106      6420 696E 
 1106      7400 
GAS LISTING C:\DOCUME~1\KZaleski\USTAWI~1\Temp/ccbrud7B.s 			page 23


 1107               	.LASF38:
 1108 019d 6972 6461 		.string	"irda"
 1108      00
 1109               	.LASF37:
 1110 01a2 637A 756A 		.string	"czujka"
 1110      6B61 00
 1111               	.LASF46:
 1112 01a9 7A6D 6961 		.string	"zmiana"
 1112      6E61 00
 1113               	.LASF32:
 1114 01b0 7377 6961 		.string	"swiatlo1"
 1114      746C 6F31 
 1114      00
 1115               	.LASF33:
 1116 01b9 7377 6961 		.string	"swiatlo2"
 1116      746C 6F32 
 1116      00
 1117               	.LASF34:
 1118 01c2 7377 6961 		.string	"swiatlo3"
 1118      746C 6F33 
 1118      00
 1119               	.LASF35:
 1120 01cb 7377 6961 		.string	"swiatlo4"
 1120      746C 6F34 
 1120      00
 1121               	.LASF36:
 1122 01d4 7377 6961 		.string	"swiatlo5"
 1122      746C 6F35 
 1122      00
 1123               	.LASF49:
 1124 01dd 7465 6D70 		.string	"temp_in"
 1124      5F69 6E00 
 1125               	.LASF43:
 1126 01e5 7075 7368 		.string	"push4_up"
 1126      345F 7570 
 1126      00
 1127               	.global __do_clear_bss
GAS LISTING C:\DOCUME~1\KZaleski\USTAWI~1\Temp/ccbrud7B.s 			page 24


DEFINED SYMBOLS
                            *ABS*:00000000 funkcje.c
C:\DOCUME~1\KZaleski\USTAWI~1\Temp/ccbrud7B.s:2      *ABS*:0000003f __SREG__
C:\DOCUME~1\KZaleski\USTAWI~1\Temp/ccbrud7B.s:3      *ABS*:0000003e __SP_H__
C:\DOCUME~1\KZaleski\USTAWI~1\Temp/ccbrud7B.s:4      *ABS*:0000003d __SP_L__
C:\DOCUME~1\KZaleski\USTAWI~1\Temp/ccbrud7B.s:5      *ABS*:00000034 __CCP__
C:\DOCUME~1\KZaleski\USTAWI~1\Temp/ccbrud7B.s:6      *ABS*:00000000 __tmp_reg__
C:\DOCUME~1\KZaleski\USTAWI~1\Temp/ccbrud7B.s:7      *ABS*:00000001 __zero_reg__
C:\DOCUME~1\KZaleski\USTAWI~1\Temp/ccbrud7B.s:18     .text:00000000 SystemInit
                            *COM*:00000002 t1
                            *COM*:00000002 t2
                            *COM*:00000002 t3
                            *COM*:00000002 t
                            *COM*:00000001 nats1
                            *COM*:00000001 nats2
                            *COM*:00000001 nats3
                            *COM*:00000001 nats4
                            *COM*:00000001 nats5
                            *COM*:00000002 tha
                            *COM*:00000002 ha
                            *COM*:00000002 ta
                            *COM*:00000002 ua
                            *COM*:00000002 push
                            *COM*:00000002 push2
                            *COM*:00000002 push3
                            *COM*:00000002 push4
                            *COM*:00000002 push5
                            *COM*:00000002 temp_d
                            *COM*:00000002 temp_n
                            *COM*:00000002 nat1
                            *COM*:00000002 nat2
                            *COM*:00000002 nat3
                            *COM*:00000002 nat4
                            *COM*:00000002 nat5
                            *COM*:00000002 pilot_licz
                            *COM*:00000002 p
                            *COM*:00000002 przycisk
                            *COM*:00000001 zrodlo1
                            *COM*:00000001 zrodlo2
                            *COM*:00000001 zrodlo3
                            *COM*:00000001 zrodlo4
                            *COM*:00000001 zrodlo5
                            *COM*:00000001 swiatlo1
                            *COM*:00000001 swiatlo2
                            *COM*:00000001 swiatlo3
                            *COM*:00000001 swiatlo4
                            *COM*:00000001 swiatlo5
                            *COM*:00000001 czujka
                            *COM*:00000001 irda
                            *COM*:00000001 klimat
                            *COM*:00000001 d_n
                            *COM*:00000001 push_up
                            *COM*:00000001 push2_up
                            *COM*:00000001 push3_up
                            *COM*:00000001 push4_up
                            *COM*:00000001 push5_up
                            *COM*:00000001 push_down
GAS LISTING C:\DOCUME~1\KZaleski\USTAWI~1\Temp/ccbrud7B.s 			page 25


                            *COM*:00000001 zmiana
                            *COM*:00000001 temp_out_H
                            *COM*:00000001 temp_out_L
                            *COM*:00000002 temp_in
                            *COM*:00000002 rh_in
                            *COM*:00000002 stan1

UNDEFINED SYMBOLS
__do_clear_bss
